2018-02-20 08:36:39 - Starting SpringBootWebApplication v1.0 on DESKTOP-UUD4EUS with PID 12044 (C:\kasra\myAnim\animalkingdom\target\boot-animalkingdom-1.0.jar started by svuser in C:\kasra\myAnim\animalkingdom)
2018-02-20 08:36:39 - Running with Spring Boot v1.4.2.RELEASE, Spring v4.3.4.RELEASE
2018-02-20 08:36:39 - No active profile set, falling back to default profiles: default
2018-02-20 08:36:40 - HV000001: Hibernate Validator 5.2.4.Final
2018-02-20 08:36:40 - Cannot find javax.persistence.Persistence on classpath. Assuming non JPA 2 environment. All properties will per default be traversable.
2018-02-20 09:51:11 - Starting SpringBootWebApplication v1.0 on DESKTOP-UUD4EUS with PID 13096 (C:\kasra\myAnim\animalkingdom\target\boot-animalkingdom-1.0.jar started by svuser in C:\kasra\myAnim\animalkingdom)
2018-02-20 09:51:11 - Running with Spring Boot v1.4.2.RELEASE, Spring v4.3.4.RELEASE
2018-02-20 09:51:11 - No active profile set, falling back to default profiles: default
2018-02-20 09:51:11 - HV000001: Hibernate Validator 5.2.4.Final
2018-02-20 09:51:11 - Cannot find javax.persistence.Persistence on classpath. Assuming non JPA 2 environment. All properties will per default be traversable.
2018-02-20 09:51:12 - Cannot find javax.persistence.Persistence on classpath. Assuming non JPA 2 environment. All properties will per default be traversable.
2018-02-20 09:51:12 - Setting custom MessageInterpolator of type org.springframework.validation.beanvalidation.LocaleContextMessageInterpolator
2018-02-20 09:51:12 - Setting custom ConstraintValidatorFactory of type org.springframework.validation.beanvalidation.SpringConstraintValidatorFactory
2018-02-20 09:51:12 - Setting custom ParameterNameProvider of type com.sun.proxy.$Proxy47
2018-02-20 09:51:12 - Trying to load META-INF/validation.xml for XML based Validator configuration.
2018-02-20 09:51:12 - Trying to load META-INF/validation.xml via user class loader
2018-02-20 09:51:12 - Trying to load META-INF/validation.xml via TCCL
2018-02-20 09:51:12 - Trying to load META-INF/validation.xml via Hibernate Validator's class loader
2018-02-20 09:51:12 - No META-INF/validation.xml found. Using annotation based configuration only.
2018-02-20 09:51:13 - Cannot find javax.persistence.Persistence on classpath. Assuming non JPA 2 environment. All properties will per default be traversable.
2018-02-20 09:51:13 - Setting custom MessageInterpolator of type org.springframework.validation.beanvalidation.LocaleContextMessageInterpolator
2018-02-20 09:51:13 - Setting custom ConstraintValidatorFactory of type org.springframework.validation.beanvalidation.SpringConstraintValidatorFactory
2018-02-20 09:51:13 - Setting custom ParameterNameProvider of type com.sun.proxy.$Proxy47
2018-02-20 09:51:13 - Trying to load META-INF/validation.xml for XML based Validator configuration.
2018-02-20 09:51:13 - Trying to load META-INF/validation.xml via user class loader
2018-02-20 09:51:13 - Trying to load META-INF/validation.xml via TCCL
2018-02-20 09:51:13 - Trying to load META-INF/validation.xml via Hibernate Validator's class loader
2018-02-20 09:51:13 - No META-INF/validation.xml found. Using annotation based configuration only.
2018-02-20 09:51:13 - Cannot find template location: classpath:/templates/ (please add some templates or check your Thymeleaf configuration)
2018-02-20 09:51:14 - Started SpringBootWebApplication in 3.247 seconds (JVM running for 3.804)
2018-02-20 09:51:45 - Servlet.service() for servlet [dispatcherServlet] in context with path [] threw exception [Request processing failed; nested exception is org.springframework.web.multipart.MultipartException: Current request is not a multipart request] with root cause
org.springframework.web.multipart.MultipartException: Current request is not a multipart request
	at org.springframework.web.method.annotation.RequestParamMethodArgumentResolver.handleMissingValue(RequestParamMethodArgumentResolver.java:188)
	at org.springframework.web.method.annotation.AbstractNamedValueMethodArgumentResolver.resolveArgument(AbstractNamedValueMethodArgumentResolver.java:104)
	at org.springframework.web.method.support.HandlerMethodArgumentResolverComposite.resolveArgument(HandlerMethodArgumentResolverComposite.java:121)
	at org.springframework.web.method.support.InvocableHandlerMethod.getMethodArgumentValues(InvocableHandlerMethod.java:160)
	at org.springframework.web.method.support.InvocableHandlerMethod.invokeForRequest(InvocableHandlerMethod.java:129)
	at org.springframework.web.servlet.mvc.method.annotation.ServletInvocableHandlerMethod.invokeAndHandle(ServletInvocableHandlerMethod.java:116)
	at org.springframework.web.servlet.mvc.method.annotation.RequestMappingHandlerAdapter.invokeHandlerMethod(RequestMappingHandlerAdapter.java:827)
	at org.springframework.web.servlet.mvc.method.annotation.RequestMappingHandlerAdapter.handleInternal(RequestMappingHandlerAdapter.java:738)
	at org.springframework.web.servlet.mvc.method.AbstractHandlerMethodAdapter.handle(AbstractHandlerMethodAdapter.java:85)
	at org.springframework.web.servlet.DispatcherServlet.doDispatch(DispatcherServlet.java:963)
	at org.springframework.web.servlet.DispatcherServlet.doService(DispatcherServlet.java:897)
	at org.springframework.web.servlet.FrameworkServlet.processRequest(FrameworkServlet.java:970)
	at org.springframework.web.servlet.FrameworkServlet.doPost(FrameworkServlet.java:872)
	at javax.servlet.http.HttpServlet.service(HttpServlet.java:648)
	at org.springframework.web.servlet.FrameworkServlet.service(FrameworkServlet.java:846)
	at javax.servlet.http.HttpServlet.service(HttpServlet.java:729)
	at org.apache.catalina.core.ApplicationFilterChain.internalDoFilter(ApplicationFilterChain.java:230)
	at org.apache.catalina.core.ApplicationFilterChain.doFilter(ApplicationFilterChain.java:165)
	at org.apache.tomcat.websocket.server.WsFilter.doFilter(WsFilter.java:52)
	at org.apache.catalina.core.ApplicationFilterChain.internalDoFilter(ApplicationFilterChain.java:192)
	at org.apache.catalina.core.ApplicationFilterChain.doFilter(ApplicationFilterChain.java:165)
	at org.springframework.web.filter.RequestContextFilter.doFilterInternal(RequestContextFilter.java:99)
	at org.springframework.web.filter.OncePerRequestFilter.doFilter(OncePerRequestFilter.java:107)
	at org.apache.catalina.core.ApplicationFilterChain.internalDoFilter(ApplicationFilterChain.java:192)
	at org.apache.catalina.core.ApplicationFilterChain.doFilter(ApplicationFilterChain.java:165)
	at org.springframework.web.filter.HttpPutFormContentFilter.doFilterInternal(HttpPutFormContentFilter.java:89)
	at org.springframework.web.filter.OncePerRequestFilter.doFilter(OncePerRequestFilter.java:107)
	at org.apache.catalina.core.ApplicationFilterChain.internalDoFilter(ApplicationFilterChain.java:192)
	at org.apache.catalina.core.ApplicationFilterChain.doFilter(ApplicationFilterChain.java:165)
	at org.springframework.web.filter.HiddenHttpMethodFilter.doFilterInternal(HiddenHttpMethodFilter.java:77)
	at org.springframework.web.filter.OncePerRequestFilter.doFilter(OncePerRequestFilter.java:107)
	at org.apache.catalina.core.ApplicationFilterChain.internalDoFilter(ApplicationFilterChain.java:192)
	at org.apache.catalina.core.ApplicationFilterChain.doFilter(ApplicationFilterChain.java:165)
	at org.springframework.web.filter.CharacterEncodingFilter.doFilterInternal(CharacterEncodingFilter.java:197)
	at org.springframework.web.filter.OncePerRequestFilter.doFilter(OncePerRequestFilter.java:107)
	at org.apache.catalina.core.ApplicationFilterChain.internalDoFilter(ApplicationFilterChain.java:192)
	at org.apache.catalina.core.ApplicationFilterChain.doFilter(ApplicationFilterChain.java:165)
	at org.apache.catalina.core.StandardWrapperValve.invoke(StandardWrapperValve.java:198)
	at org.apache.catalina.core.StandardContextValve.invoke(StandardContextValve.java:108)
	at org.apache.catalina.authenticator.AuthenticatorBase.invoke(AuthenticatorBase.java:472)
	at org.apache.catalina.core.StandardHostValve.invoke(StandardHostValve.java:140)
	at org.apache.catalina.valves.ErrorReportValve.invoke(ErrorReportValve.java:79)
	at org.apache.catalina.core.StandardEngineValve.invoke(StandardEngineValve.java:87)
	at org.apache.catalina.connector.CoyoteAdapter.service(CoyoteAdapter.java:349)
	at org.apache.coyote.http11.Http11Processor.service(Http11Processor.java:784)
	at org.apache.coyote.AbstractProcessorLight.process(AbstractProcessorLight.java:66)
	at org.apache.coyote.AbstractProtocol$ConnectionHandler.process(AbstractProtocol.java:802)
	at org.apache.tomcat.util.net.NioEndpoint$SocketProcessor.doRun(NioEndpoint.java:1410)
	at org.apache.tomcat.util.net.SocketProcessorBase.run(SocketProcessorBase.java:49)
	at java.util.concurrent.ThreadPoolExecutor.runWorker(Unknown Source)
	at java.util.concurrent.ThreadPoolExecutor$Worker.run(Unknown Source)
	at org.apache.tomcat.util.threads.TaskThread$WrappingRunnable.run(TaskThread.java:61)
	at java.lang.Thread.run(Unknown Source)
2018-02-20 09:52:14 - Starting SpringBootWebApplication v1.0 on DESKTOP-UUD4EUS with PID 10420 (C:\kasra\myAnim\animalkingdom\target\boot-animalkingdom-1.0.jar started by svuser in C:\kasra\myAnim\animalkingdom)
2018-02-20 09:52:14 - Running with Spring Boot v1.4.2.RELEASE, Spring v4.3.4.RELEASE
2018-02-20 09:52:14 - No active profile set, falling back to default profiles: default
2018-02-20 09:52:14 - HV000001: Hibernate Validator 5.2.4.Final
2018-02-20 09:52:15 - Cannot find javax.persistence.Persistence on classpath. Assuming non JPA 2 environment. All properties will per default be traversable.
2018-02-20 09:52:15 - Cannot find javax.persistence.Persistence on classpath. Assuming non JPA 2 environment. All properties will per default be traversable.
2018-02-20 09:52:15 - Setting custom MessageInterpolator of type org.springframework.validation.beanvalidation.LocaleContextMessageInterpolator
2018-02-20 09:52:15 - Setting custom ConstraintValidatorFactory of type org.springframework.validation.beanvalidation.SpringConstraintValidatorFactory
2018-02-20 09:52:15 - Setting custom ParameterNameProvider of type com.sun.proxy.$Proxy47
2018-02-20 09:52:15 - Trying to load META-INF/validation.xml for XML based Validator configuration.
2018-02-20 09:52:15 - Trying to load META-INF/validation.xml via user class loader
2018-02-20 09:52:16 - Trying to load META-INF/validation.xml via TCCL
2018-02-20 09:52:16 - Trying to load META-INF/validation.xml via Hibernate Validator's class loader
2018-02-20 09:52:16 - No META-INF/validation.xml found. Using annotation based configuration only.
2018-02-20 09:52:16 - Cannot find javax.persistence.Persistence on classpath. Assuming non JPA 2 environment. All properties will per default be traversable.
2018-02-20 09:52:16 - Setting custom MessageInterpolator of type org.springframework.validation.beanvalidation.LocaleContextMessageInterpolator
2018-02-20 09:52:16 - Setting custom ConstraintValidatorFactory of type org.springframework.validation.beanvalidation.SpringConstraintValidatorFactory
2018-02-20 09:52:16 - Setting custom ParameterNameProvider of type com.sun.proxy.$Proxy47
2018-02-20 09:52:16 - Trying to load META-INF/validation.xml for XML based Validator configuration.
2018-02-20 09:52:16 - Trying to load META-INF/validation.xml via user class loader
2018-02-20 09:52:16 - Trying to load META-INF/validation.xml via TCCL
2018-02-20 09:52:16 - Trying to load META-INF/validation.xml via Hibernate Validator's class loader
2018-02-20 09:52:16 - No META-INF/validation.xml found. Using annotation based configuration only.
2018-02-20 09:52:17 - Cannot find template location: classpath:/templates/ (please add some templates or check your Thymeleaf configuration)
2018-02-20 09:52:17 - Started SpringBootWebApplication in 3.074 seconds (JVM running for 3.589)
2018-02-20 09:52:24 - Servlet.service() for servlet [dispatcherServlet] in context with path [] threw exception [Request processing failed; nested exception is org.springframework.web.multipart.MultipartException: Current request is not a multipart request] with root cause
org.springframework.web.multipart.MultipartException: Current request is not a multipart request
	at org.springframework.web.method.annotation.RequestParamMethodArgumentResolver.handleMissingValue(RequestParamMethodArgumentResolver.java:188)
	at org.springframework.web.method.annotation.AbstractNamedValueMethodArgumentResolver.resolveArgument(AbstractNamedValueMethodArgumentResolver.java:104)
	at org.springframework.web.method.support.HandlerMethodArgumentResolverComposite.resolveArgument(HandlerMethodArgumentResolverComposite.java:121)
	at org.springframework.web.method.support.InvocableHandlerMethod.getMethodArgumentValues(InvocableHandlerMethod.java:160)
	at org.springframework.web.method.support.InvocableHandlerMethod.invokeForRequest(InvocableHandlerMethod.java:129)
	at org.springframework.web.servlet.mvc.method.annotation.ServletInvocableHandlerMethod.invokeAndHandle(ServletInvocableHandlerMethod.java:116)
	at org.springframework.web.servlet.mvc.method.annotation.RequestMappingHandlerAdapter.invokeHandlerMethod(RequestMappingHandlerAdapter.java:827)
	at org.springframework.web.servlet.mvc.method.annotation.RequestMappingHandlerAdapter.handleInternal(RequestMappingHandlerAdapter.java:738)
	at org.springframework.web.servlet.mvc.method.AbstractHandlerMethodAdapter.handle(AbstractHandlerMethodAdapter.java:85)
	at org.springframework.web.servlet.DispatcherServlet.doDispatch(DispatcherServlet.java:963)
	at org.springframework.web.servlet.DispatcherServlet.doService(DispatcherServlet.java:897)
	at org.springframework.web.servlet.FrameworkServlet.processRequest(FrameworkServlet.java:970)
	at org.springframework.web.servlet.FrameworkServlet.doPost(FrameworkServlet.java:872)
	at javax.servlet.http.HttpServlet.service(HttpServlet.java:648)
	at org.springframework.web.servlet.FrameworkServlet.service(FrameworkServlet.java:846)
	at javax.servlet.http.HttpServlet.service(HttpServlet.java:729)
	at org.apache.catalina.core.ApplicationFilterChain.internalDoFilter(ApplicationFilterChain.java:230)
	at org.apache.catalina.core.ApplicationFilterChain.doFilter(ApplicationFilterChain.java:165)
	at org.apache.tomcat.websocket.server.WsFilter.doFilter(WsFilter.java:52)
	at org.apache.catalina.core.ApplicationFilterChain.internalDoFilter(ApplicationFilterChain.java:192)
	at org.apache.catalina.core.ApplicationFilterChain.doFilter(ApplicationFilterChain.java:165)
	at org.springframework.web.filter.RequestContextFilter.doFilterInternal(RequestContextFilter.java:99)
	at org.springframework.web.filter.OncePerRequestFilter.doFilter(OncePerRequestFilter.java:107)
	at org.apache.catalina.core.ApplicationFilterChain.internalDoFilter(ApplicationFilterChain.java:192)
	at org.apache.catalina.core.ApplicationFilterChain.doFilter(ApplicationFilterChain.java:165)
	at org.springframework.web.filter.HttpPutFormContentFilter.doFilterInternal(HttpPutFormContentFilter.java:89)
	at org.springframework.web.filter.OncePerRequestFilter.doFilter(OncePerRequestFilter.java:107)
	at org.apache.catalina.core.ApplicationFilterChain.internalDoFilter(ApplicationFilterChain.java:192)
	at org.apache.catalina.core.ApplicationFilterChain.doFilter(ApplicationFilterChain.java:165)
	at org.springframework.web.filter.HiddenHttpMethodFilter.doFilterInternal(HiddenHttpMethodFilter.java:77)
	at org.springframework.web.filter.OncePerRequestFilter.doFilter(OncePerRequestFilter.java:107)
	at org.apache.catalina.core.ApplicationFilterChain.internalDoFilter(ApplicationFilterChain.java:192)
	at org.apache.catalina.core.ApplicationFilterChain.doFilter(ApplicationFilterChain.java:165)
	at org.springframework.web.filter.CharacterEncodingFilter.doFilterInternal(CharacterEncodingFilter.java:197)
	at org.springframework.web.filter.OncePerRequestFilter.doFilter(OncePerRequestFilter.java:107)
	at org.apache.catalina.core.ApplicationFilterChain.internalDoFilter(ApplicationFilterChain.java:192)
	at org.apache.catalina.core.ApplicationFilterChain.doFilter(ApplicationFilterChain.java:165)
	at org.apache.catalina.core.StandardWrapperValve.invoke(StandardWrapperValve.java:198)
	at org.apache.catalina.core.StandardContextValve.invoke(StandardContextValve.java:108)
	at org.apache.catalina.authenticator.AuthenticatorBase.invoke(AuthenticatorBase.java:472)
	at org.apache.catalina.core.StandardHostValve.invoke(StandardHostValve.java:140)
	at org.apache.catalina.valves.ErrorReportValve.invoke(ErrorReportValve.java:79)
	at org.apache.catalina.core.StandardEngineValve.invoke(StandardEngineValve.java:87)
	at org.apache.catalina.connector.CoyoteAdapter.service(CoyoteAdapter.java:349)
	at org.apache.coyote.http11.Http11Processor.service(Http11Processor.java:784)
	at org.apache.coyote.AbstractProcessorLight.process(AbstractProcessorLight.java:66)
	at org.apache.coyote.AbstractProtocol$ConnectionHandler.process(AbstractProtocol.java:802)
	at org.apache.tomcat.util.net.NioEndpoint$SocketProcessor.doRun(NioEndpoint.java:1410)
	at org.apache.tomcat.util.net.SocketProcessorBase.run(SocketProcessorBase.java:49)
	at java.util.concurrent.ThreadPoolExecutor.runWorker(Unknown Source)
	at java.util.concurrent.ThreadPoolExecutor$Worker.run(Unknown Source)
	at org.apache.tomcat.util.threads.TaskThread$WrappingRunnable.run(TaskThread.java:61)
	at java.lang.Thread.run(Unknown Source)
2018-02-20 09:53:09 - BEST MATCH: dog4 (99.02% likely) 

2018-02-20 09:53:09 - BEST MATCH: dog3 (0.13% likely) 

2018-02-20 09:53:09 - BEST MATCH: dog17 (0.10% likely) 

2018-02-20 09:53:09 - BEST MATCH: dog9 (0.04% likely) 

2018-02-20 09:53:09 - BEST MATCH: horse (0.04% likely) 

2018-02-20 09:53:09 - 

2018-02-20 09:53:30 - BEST MATCH: dog8 (20.53% likely) 

2018-02-20 09:53:30 - BEST MATCH: dog6 (5.58% likely) 

2018-02-20 09:53:30 - BEST MATCH: rabbit (4.60% likely) 

2018-02-20 09:53:30 - BEST MATCH: frog (4.12% likely) 

2018-02-20 09:53:30 - BEST MATCH: bird (4.04% likely) 

2018-02-20 09:53:30 - 

2018-02-20 09:53:43 - BEST MATCH: boxer (21.43% likely) 

2018-02-20 09:53:43 - BEST MATCH: chihuahua (10.33% likely) 

2018-02-20 09:53:43 - BEST MATCH: whippet (7.07% likely) 

2018-02-20 09:53:43 - BEST MATCH: beagle (3.96% likely) 

2018-02-20 09:53:43 - BEST MATCH: italian greyhound (2.19% likely) 

2018-02-20 09:53:43 - 

2018-02-20 13:00:55 - Starting SpringBootWebApplication v1.0 on DESKTOP-UUD4EUS with PID 12016 (C:\kasra\myAnim\animalkingdom\target\boot-animalkingdom-1.0.jar started by svuser in C:\kasra\myAnim\animalkingdom)
2018-02-20 13:00:55 - Running with Spring Boot v1.4.2.RELEASE, Spring v4.3.4.RELEASE
2018-02-20 13:00:55 - No active profile set, falling back to default profiles: default
2018-02-20 13:00:55 - HV000001: Hibernate Validator 5.2.4.Final
2018-02-20 13:00:55 - Cannot find javax.persistence.Persistence on classpath. Assuming non JPA 2 environment. All properties will per default be traversable.
2018-02-20 13:00:56 - Cannot find javax.persistence.Persistence on classpath. Assuming non JPA 2 environment. All properties will per default be traversable.
2018-02-20 13:00:56 - Setting custom MessageInterpolator of type org.springframework.validation.beanvalidation.LocaleContextMessageInterpolator
2018-02-20 13:00:56 - Setting custom ConstraintValidatorFactory of type org.springframework.validation.beanvalidation.SpringConstraintValidatorFactory
2018-02-20 13:00:56 - Setting custom ParameterNameProvider of type com.sun.proxy.$Proxy47
2018-02-20 13:00:56 - Trying to load META-INF/validation.xml for XML based Validator configuration.
2018-02-20 13:00:56 - Trying to load META-INF/validation.xml via user class loader
2018-02-20 13:00:56 - Trying to load META-INF/validation.xml via TCCL
2018-02-20 13:00:56 - Trying to load META-INF/validation.xml via Hibernate Validator's class loader
2018-02-20 13:00:56 - No META-INF/validation.xml found. Using annotation based configuration only.
2018-02-20 13:00:57 - Cannot find javax.persistence.Persistence on classpath. Assuming non JPA 2 environment. All properties will per default be traversable.
2018-02-20 13:00:57 - Setting custom MessageInterpolator of type org.springframework.validation.beanvalidation.LocaleContextMessageInterpolator
2018-02-20 13:00:57 - Setting custom ConstraintValidatorFactory of type org.springframework.validation.beanvalidation.SpringConstraintValidatorFactory
2018-02-20 13:00:57 - Setting custom ParameterNameProvider of type com.sun.proxy.$Proxy47
2018-02-20 13:00:57 - Trying to load META-INF/validation.xml for XML based Validator configuration.
2018-02-20 13:00:57 - Trying to load META-INF/validation.xml via user class loader
2018-02-20 13:00:57 - Trying to load META-INF/validation.xml via TCCL
2018-02-20 13:00:57 - Trying to load META-INF/validation.xml via Hibernate Validator's class loader
2018-02-20 13:00:57 - No META-INF/validation.xml found. Using annotation based configuration only.
2018-02-20 13:00:57 - Cannot find template location: classpath:/templates/ (please add some templates or check your Thymeleaf configuration)
2018-02-20 13:00:58 - Started SpringBootWebApplication in 3.545 seconds (JVM running for 4.162)
2018-02-20 13:01:13 - BEST MATCH: boxer (21.43% likely) 

2018-02-20 13:01:13 - BEST MATCH: chihuahua (10.33% likely) 

2018-02-20 13:01:13 - BEST MATCH: west highland white terrier (7.07% likely) 

2018-02-20 13:01:13 - BEST MATCH: beagle (3.96% likely) 

2018-02-20 13:01:13 - BEST MATCH: irish wolfhound (2.19% likely) 

2018-02-20 13:01:13 - 

2018-02-20 13:28:17 - Starting SpringBootWebApplication v1.0 on DESKTOP-UUD4EUS with PID 12204 (C:\kasra\myAnim\animalkingdom\target\boot-animalkingdom-1.0.jar started by svuser in C:\kasra\myAnim\animalkingdom)
2018-02-20 13:28:17 - Running with Spring Boot v1.4.2.RELEASE, Spring v4.3.4.RELEASE
2018-02-20 13:28:17 - No active profile set, falling back to default profiles: default
2018-02-20 13:28:18 - HV000001: Hibernate Validator 5.2.4.Final
2018-02-20 13:28:18 - Cannot find javax.persistence.Persistence on classpath. Assuming non JPA 2 environment. All properties will per default be traversable.
2018-02-20 13:28:19 - Cannot find javax.persistence.Persistence on classpath. Assuming non JPA 2 environment. All properties will per default be traversable.
2018-02-20 13:28:19 - Setting custom MessageInterpolator of type org.springframework.validation.beanvalidation.LocaleContextMessageInterpolator
2018-02-20 13:28:19 - Setting custom ConstraintValidatorFactory of type org.springframework.validation.beanvalidation.SpringConstraintValidatorFactory
2018-02-20 13:28:19 - Setting custom ParameterNameProvider of type com.sun.proxy.$Proxy47
2018-02-20 13:28:19 - Trying to load META-INF/validation.xml for XML based Validator configuration.
2018-02-20 13:28:19 - Trying to load META-INF/validation.xml via user class loader
2018-02-20 13:28:19 - Trying to load META-INF/validation.xml via TCCL
2018-02-20 13:28:19 - Trying to load META-INF/validation.xml via Hibernate Validator's class loader
2018-02-20 13:28:19 - No META-INF/validation.xml found. Using annotation based configuration only.
2018-02-20 13:28:20 - Cannot find javax.persistence.Persistence on classpath. Assuming non JPA 2 environment. All properties will per default be traversable.
2018-02-20 13:28:20 - Setting custom MessageInterpolator of type org.springframework.validation.beanvalidation.LocaleContextMessageInterpolator
2018-02-20 13:28:20 - Setting custom ConstraintValidatorFactory of type org.springframework.validation.beanvalidation.SpringConstraintValidatorFactory
2018-02-20 13:28:20 - Setting custom ParameterNameProvider of type com.sun.proxy.$Proxy47
2018-02-20 13:28:20 - Trying to load META-INF/validation.xml for XML based Validator configuration.
2018-02-20 13:28:20 - Trying to load META-INF/validation.xml via user class loader
2018-02-20 13:28:20 - Trying to load META-INF/validation.xml via TCCL
2018-02-20 13:28:20 - Trying to load META-INF/validation.xml via Hibernate Validator's class loader
2018-02-20 13:28:20 - No META-INF/validation.xml found. Using annotation based configuration only.
2018-02-20 13:28:20 - Cannot find template location: classpath:/templates/ (please add some templates or check your Thymeleaf configuration)
2018-02-20 13:28:21 - Started SpringBootWebApplication in 3.604 seconds (JVM running for 4.182)
2018-02-20 13:55:46 - Starting SpringBootWebApplication v1.0 on DESKTOP-UUD4EUS with PID 4992 (C:\kasra\myAnim\animalkingdom\target\boot-animalkingdom-1.0.jar started by svuser in C:\kasra\myAnim\animalkingdom)
2018-02-20 13:55:46 - Running with Spring Boot v1.4.2.RELEASE, Spring v4.3.4.RELEASE
2018-02-20 13:55:46 - No active profile set, falling back to default profiles: default
2018-02-20 13:55:46 - HV000001: Hibernate Validator 5.2.4.Final
2018-02-20 13:55:46 - Cannot find javax.persistence.Persistence on classpath. Assuming non JPA 2 environment. All properties will per default be traversable.
2018-02-20 13:55:47 - Cannot find javax.persistence.Persistence on classpath. Assuming non JPA 2 environment. All properties will per default be traversable.
2018-02-20 13:55:47 - Setting custom MessageInterpolator of type org.springframework.validation.beanvalidation.LocaleContextMessageInterpolator
2018-02-20 13:55:47 - Setting custom ConstraintValidatorFactory of type org.springframework.validation.beanvalidation.SpringConstraintValidatorFactory
2018-02-20 13:55:47 - Setting custom ParameterNameProvider of type com.sun.proxy.$Proxy47
2018-02-20 13:55:47 - Trying to load META-INF/validation.xml for XML based Validator configuration.
2018-02-20 13:55:47 - Trying to load META-INF/validation.xml via user class loader
2018-02-20 13:55:47 - Trying to load META-INF/validation.xml via TCCL
2018-02-20 13:55:47 - Trying to load META-INF/validation.xml via Hibernate Validator's class loader
2018-02-20 13:55:47 - No META-INF/validation.xml found. Using annotation based configuration only.
2018-02-20 13:55:48 - Cannot find javax.persistence.Persistence on classpath. Assuming non JPA 2 environment. All properties will per default be traversable.
2018-02-20 13:55:48 - Setting custom MessageInterpolator of type org.springframework.validation.beanvalidation.LocaleContextMessageInterpolator
2018-02-20 13:55:48 - Setting custom ConstraintValidatorFactory of type org.springframework.validation.beanvalidation.SpringConstraintValidatorFactory
2018-02-20 13:55:48 - Setting custom ParameterNameProvider of type com.sun.proxy.$Proxy47
2018-02-20 13:55:48 - Trying to load META-INF/validation.xml for XML based Validator configuration.
2018-02-20 13:55:48 - Trying to load META-INF/validation.xml via user class loader
2018-02-20 13:55:48 - Trying to load META-INF/validation.xml via TCCL
2018-02-20 13:55:48 - Trying to load META-INF/validation.xml via Hibernate Validator's class loader
2018-02-20 13:55:48 - No META-INF/validation.xml found. Using annotation based configuration only.
2018-02-20 13:55:48 - Cannot find template location: classpath:/templates/ (please add some templates or check your Thymeleaf configuration)
2018-02-20 13:55:48 - Started SpringBootWebApplication in 3.129 seconds (JVM running for 3.701)
2018-02-20 13:58:52 - BEST MATCH: cat (13.33% likely) 

2018-02-20 13:58:52 - BEST MATCH: lion (9.01% likely) 

2018-02-20 13:58:52 - BEST MATCH: lobsterorcrab (6.89% likely) 

2018-02-20 13:58:52 - BEST MATCH: bison (2.93% likely) 

2018-02-20 13:58:52 - BEST MATCH: monkey (2.83% likely) 

2018-02-20 13:58:52 - 

2018-02-20 13:59:57 - BEST MATCH: pnada (4.98% likely) 

2018-02-20 13:59:57 - BEST MATCH: sheeporgoat (4.66% likely) 

2018-02-20 13:59:57 - BEST MATCH: lion (4.49% likely) 

2018-02-20 13:59:57 - BEST MATCH: bird (3.37% likely) 

2018-02-20 13:59:57 - BEST MATCH: dog6 (3.17% likely) 

2018-02-20 13:59:57 - 

2018-02-20 14:00:19 - BEST MATCH: deer (5.28% likely) 

2018-02-20 14:00:19 - BEST MATCH: pnada (4.98% likely) 

2018-02-20 14:00:19 - BEST MATCH: bird (4.69% likely) 

2018-02-20 14:00:19 - BEST MATCH: rabbit (3.78% likely) 

2018-02-20 14:00:19 - BEST MATCH: dog5 (3.58% likely) 

2018-02-20 14:00:19 - 

2018-02-20 14:15:47 - BEST MATCH: deer (5.67% likely) 

2018-02-20 14:15:47 - BEST MATCH: rabbit (5.63% likely) 

2018-02-20 14:15:47 - BEST MATCH: pnada (3.52% likely) 

2018-02-20 14:15:47 - BEST MATCH: dog6 (3.33% likely) 

2018-02-20 14:15:47 - BEST MATCH: wolf (3.20% likely) 

2018-02-20 14:15:47 - 

2018-02-20 16:02:40 - Starting SpringBootWebApplication v1.0 on DESKTOP-UUD4EUS with PID 4224 (C:\kasra\myAnim\animalkingdom\target\boot-animalkingdom-1.0.jar started by svuser in C:\kasra\myAnim\animalkingdom)
2018-02-20 16:02:40 - Running with Spring Boot v1.4.2.RELEASE, Spring v4.3.4.RELEASE
2018-02-20 16:02:40 - No active profile set, falling back to default profiles: default
2018-02-20 16:02:41 - HV000001: Hibernate Validator 5.2.4.Final
2018-02-20 16:02:41 - Cannot find javax.persistence.Persistence on classpath. Assuming non JPA 2 environment. All properties will per default be traversable.
2018-02-20 16:02:42 - Cannot find javax.persistence.Persistence on classpath. Assuming non JPA 2 environment. All properties will per default be traversable.
2018-02-20 16:02:42 - Setting custom MessageInterpolator of type org.springframework.validation.beanvalidation.LocaleContextMessageInterpolator
2018-02-20 16:02:42 - Setting custom ConstraintValidatorFactory of type org.springframework.validation.beanvalidation.SpringConstraintValidatorFactory
2018-02-20 16:02:42 - Setting custom ParameterNameProvider of type com.sun.proxy.$Proxy47
2018-02-20 16:02:42 - Trying to load META-INF/validation.xml for XML based Validator configuration.
2018-02-20 16:02:42 - Trying to load META-INF/validation.xml via user class loader
2018-02-20 16:02:42 - Trying to load META-INF/validation.xml via TCCL
2018-02-20 16:02:42 - Trying to load META-INF/validation.xml via Hibernate Validator's class loader
2018-02-20 16:02:42 - No META-INF/validation.xml found. Using annotation based configuration only.
2018-02-20 16:02:43 - Cannot find javax.persistence.Persistence on classpath. Assuming non JPA 2 environment. All properties will per default be traversable.
2018-02-20 16:02:43 - Setting custom MessageInterpolator of type org.springframework.validation.beanvalidation.LocaleContextMessageInterpolator
2018-02-20 16:02:43 - Setting custom ConstraintValidatorFactory of type org.springframework.validation.beanvalidation.SpringConstraintValidatorFactory
2018-02-20 16:02:43 - Setting custom ParameterNameProvider of type com.sun.proxy.$Proxy47
2018-02-20 16:02:43 - Trying to load META-INF/validation.xml for XML based Validator configuration.
2018-02-20 16:02:43 - Trying to load META-INF/validation.xml via user class loader
2018-02-20 16:02:43 - Trying to load META-INF/validation.xml via TCCL
2018-02-20 16:02:43 - Trying to load META-INF/validation.xml via Hibernate Validator's class loader
2018-02-20 16:02:43 - No META-INF/validation.xml found. Using annotation based configuration only.
2018-02-20 16:02:43 - Cannot find template location: classpath:/templates/ (please add some templates or check your Thymeleaf configuration)
2018-02-20 16:02:43 - Started SpringBootWebApplication in 3.536 seconds (JVM running for 4.171)
2018-02-20 16:04:04 - BEST MATCH: saluki (13.53% likely) 

2018-02-20 16:04:04 - BEST MATCH: english setter (12.54% likely) 

2018-02-20 16:04:04 - BEST MATCH: brittany spaniel (5.58% likely) 

2018-02-20 16:04:04 - BEST MATCH: golden retriever (4.26% likely) 

2018-02-20 16:04:04 - BEST MATCH: redbone (3.22% likely) 

2018-02-20 16:04:04 - 

2018-02-20 16:04:20 - BEST MATCH: beagle (13.11% likely) 

2018-02-20 16:04:20 - BEST MATCH: toy terrier (10.03% likely) 

2018-02-20 16:04:20 - BEST MATCH: basenji (8.13% likely) 

2018-02-20 16:04:20 - BEST MATCH: chihuahua (6.61% likely) 

2018-02-20 16:04:20 - BEST MATCH: labrador retriever (2.44% likely) 

2018-02-20 16:04:20 - 

2018-02-20 16:05:22 - BEST MATCH: dog4 (99.02% likely) 

2018-02-20 16:05:22 - BEST MATCH: dog3 (0.13% likely) 

2018-02-20 16:05:22 - BEST MATCH: dog17 (0.10% likely) 

2018-02-20 16:05:22 - BEST MATCH: dog9 (0.04% likely) 

2018-02-20 16:05:22 - BEST MATCH: horse (0.04% likely) 

2018-02-20 16:05:22 - 

2018-02-20 16:39:02 - Starting SpringBootWebApplication v1.0 on DESKTOP-UUD4EUS with PID 1532 (C:\kasra\myAnim\animalkingdom\target\boot-animalkingdom-1.0.jar started by svuser in C:\kasra\myAnim\animalkingdom)
2018-02-20 16:39:02 - Running with Spring Boot v1.4.2.RELEASE, Spring v4.3.4.RELEASE
2018-02-20 16:39:02 - No active profile set, falling back to default profiles: default
2018-02-20 16:39:02 - HV000001: Hibernate Validator 5.2.4.Final
2018-02-20 16:39:02 - Cannot find javax.persistence.Persistence on classpath. Assuming non JPA 2 environment. All properties will per default be traversable.
2018-02-20 16:39:03 - Cannot find javax.persistence.Persistence on classpath. Assuming non JPA 2 environment. All properties will per default be traversable.
2018-02-20 16:39:03 - Setting custom MessageInterpolator of type org.springframework.validation.beanvalidation.LocaleContextMessageInterpolator
2018-02-20 16:39:03 - Setting custom ConstraintValidatorFactory of type org.springframework.validation.beanvalidation.SpringConstraintValidatorFactory
2018-02-20 16:39:03 - Setting custom ParameterNameProvider of type com.sun.proxy.$Proxy47
2018-02-20 16:39:03 - Trying to load META-INF/validation.xml for XML based Validator configuration.
2018-02-20 16:39:03 - Trying to load META-INF/validation.xml via user class loader
2018-02-20 16:39:03 - Trying to load META-INF/validation.xml via TCCL
2018-02-20 16:39:03 - Trying to load META-INF/validation.xml via Hibernate Validator's class loader
2018-02-20 16:39:03 - No META-INF/validation.xml found. Using annotation based configuration only.
2018-02-20 16:39:04 - Cannot find javax.persistence.Persistence on classpath. Assuming non JPA 2 environment. All properties will per default be traversable.
2018-02-20 16:39:04 - Setting custom MessageInterpolator of type org.springframework.validation.beanvalidation.LocaleContextMessageInterpolator
2018-02-20 16:39:04 - Setting custom ConstraintValidatorFactory of type org.springframework.validation.beanvalidation.SpringConstraintValidatorFactory
2018-02-20 16:39:04 - Setting custom ParameterNameProvider of type com.sun.proxy.$Proxy47
2018-02-20 16:39:04 - Trying to load META-INF/validation.xml for XML based Validator configuration.
2018-02-20 16:39:04 - Trying to load META-INF/validation.xml via user class loader
2018-02-20 16:39:04 - Trying to load META-INF/validation.xml via TCCL
2018-02-20 16:39:04 - Trying to load META-INF/validation.xml via Hibernate Validator's class loader
2018-02-20 16:39:04 - No META-INF/validation.xml found. Using annotation based configuration only.
2018-02-20 16:39:04 - Cannot find template location: classpath:/templates/ (please add some templates or check your Thymeleaf configuration)
2018-02-20 16:39:05 - Started SpringBootWebApplication in 3.059 seconds (JVM running for 3.798)
2018-02-20 16:39:32 - BEST MATCH: dog4 (99.02% likely) 

2018-02-20 16:39:32 - BEST MATCH: dog3 (0.13% likely) 

2018-02-20 16:39:32 - BEST MATCH: dog17 (0.10% likely) 

2018-02-20 16:39:32 - BEST MATCH: dog9 (0.04% likely) 

2018-02-20 16:39:32 - BEST MATCH: horse (0.04% likely) 

2018-02-20 16:39:32 - 

2018-02-20 16:40:34 - BEST MATCH: dog14 (56.20% likely) 

2018-02-20 16:40:34 - BEST MATCH: dog13 (32.04% likely) 

2018-02-20 16:40:34 - BEST MATCH: dog10 (0.78% likely) 

2018-02-20 16:40:34 - BEST MATCH: lion (0.71% likely) 

2018-02-20 16:40:34 - BEST MATCH: dog11 (0.68% likely) 

2018-02-20 16:40:34 - 

2018-02-20 16:41:42 - BEST MATCH: dog4 (99.02% likely) 

2018-02-20 16:41:42 - BEST MATCH: dog3 (0.13% likely) 

2018-02-20 16:41:42 - BEST MATCH: dog17 (0.10% likely) 

2018-02-20 16:41:42 - BEST MATCH: dog9 (0.04% likely) 

2018-02-20 16:41:42 - BEST MATCH: horse (0.04% likely) 

2018-02-20 16:41:42 - 

2018-02-20 16:42:52 - Starting SpringBootWebApplication v1.0 on DESKTOP-UUD4EUS with PID 132 (C:\kasra\myAnim\animalkingdom\target\boot-animalkingdom-1.0.jar started by svuser in C:\kasra\myAnim\animalkingdom)
2018-02-20 16:42:52 - Running with Spring Boot v1.4.2.RELEASE, Spring v4.3.4.RELEASE
2018-02-20 16:42:52 - No active profile set, falling back to default profiles: default
2018-02-20 16:42:53 - HV000001: Hibernate Validator 5.2.4.Final
2018-02-20 16:42:53 - Cannot find javax.persistence.Persistence on classpath. Assuming non JPA 2 environment. All properties will per default be traversable.
2018-02-20 16:42:54 - Cannot find javax.persistence.Persistence on classpath. Assuming non JPA 2 environment. All properties will per default be traversable.
2018-02-20 16:42:54 - Setting custom MessageInterpolator of type org.springframework.validation.beanvalidation.LocaleContextMessageInterpolator
2018-02-20 16:42:54 - Setting custom ConstraintValidatorFactory of type org.springframework.validation.beanvalidation.SpringConstraintValidatorFactory
2018-02-20 16:42:54 - Setting custom ParameterNameProvider of type com.sun.proxy.$Proxy47
2018-02-20 16:42:54 - Trying to load META-INF/validation.xml for XML based Validator configuration.
2018-02-20 16:42:54 - Trying to load META-INF/validation.xml via user class loader
2018-02-20 16:42:54 - Trying to load META-INF/validation.xml via TCCL
2018-02-20 16:42:54 - Trying to load META-INF/validation.xml via Hibernate Validator's class loader
2018-02-20 16:42:54 - No META-INF/validation.xml found. Using annotation based configuration only.
2018-02-20 16:42:54 - Cannot find javax.persistence.Persistence on classpath. Assuming non JPA 2 environment. All properties will per default be traversable.
2018-02-20 16:42:54 - Setting custom MessageInterpolator of type org.springframework.validation.beanvalidation.LocaleContextMessageInterpolator
2018-02-20 16:42:54 - Setting custom ConstraintValidatorFactory of type org.springframework.validation.beanvalidation.SpringConstraintValidatorFactory
2018-02-20 16:42:54 - Setting custom ParameterNameProvider of type com.sun.proxy.$Proxy47
2018-02-20 16:42:54 - Trying to load META-INF/validation.xml for XML based Validator configuration.
2018-02-20 16:42:54 - Trying to load META-INF/validation.xml via user class loader
2018-02-20 16:42:54 - Trying to load META-INF/validation.xml via TCCL
2018-02-20 16:42:54 - Trying to load META-INF/validation.xml via Hibernate Validator's class loader
2018-02-20 16:42:54 - No META-INF/validation.xml found. Using annotation based configuration only.
2018-02-20 16:42:55 - Cannot find template location: classpath:/templates/ (please add some templates or check your Thymeleaf configuration)
2018-02-20 16:42:55 - Started SpringBootWebApplication in 3.114 seconds (JVM running for 3.759)
2018-02-20 16:43:09 - BEST MATCH: dog4 (99.02% likely) 

2018-02-20 16:43:09 - BEST MATCH: dog3 (0.13% likely) 

2018-02-20 16:43:09 - BEST MATCH: dog17 (0.10% likely) 

2018-02-20 16:43:09 - BEST MATCH: dog9 (0.04% likely) 

2018-02-20 16:43:09 - BEST MATCH: horse (0.04% likely) 

2018-02-20 16:43:09 - 

2018-02-20 16:43:25 - BEST MATCH: dog14 (56.20% likely) 

2018-02-20 16:43:25 - BEST MATCH: dog13 (32.04% likely) 

2018-02-20 16:43:25 - BEST MATCH: dog10 (0.78% likely) 

2018-02-20 16:43:25 - BEST MATCH: lion (0.71% likely) 

2018-02-20 16:43:25 - BEST MATCH: dog11 (0.68% likely) 

2018-02-20 16:43:25 - 

2018-02-20 16:44:42 - BEST MATCH: dog4 (99.02% likely) 

2018-02-20 16:44:42 - BEST MATCH: dog3 (0.13% likely) 

2018-02-20 16:44:42 - BEST MATCH: dog17 (0.10% likely) 

2018-02-20 16:44:42 - BEST MATCH: dog9 (0.04% likely) 

2018-02-20 16:44:42 - BEST MATCH: horse (0.04% likely) 

2018-02-20 16:44:42 - 

2018-02-20 16:45:12 - BEST MATCH: dog4 (99.02% likely) 

2018-02-20 16:45:12 - BEST MATCH: dog3 (0.13% likely) 

2018-02-20 16:45:12 - BEST MATCH: dog17 (0.10% likely) 

2018-02-20 16:45:12 - BEST MATCH: dog9 (0.04% likely) 

2018-02-20 16:45:12 - BEST MATCH: horse (0.04% likely) 

2018-02-20 16:45:12 - 

2018-02-20 16:46:01 - BEST MATCH: dog8 (16.17% likely) 

2018-02-20 16:46:01 - BEST MATCH: dog9 (9.59% likely) 

2018-02-20 16:46:01 - BEST MATCH: dog17 (4.02% likely) 

2018-02-20 16:46:01 - BEST MATCH: dog4 (3.28% likely) 

2018-02-20 16:46:01 - BEST MATCH: dog6 (2.89% likely) 

2018-02-20 16:46:01 - 

2018-02-20 16:49:16 - BEST MATCH: dog4 (99.02% likely) 

2018-02-20 16:49:16 - BEST MATCH: dog3 (0.13% likely) 

2018-02-20 16:49:16 - BEST MATCH: dog17 (0.10% likely) 

2018-02-20 16:49:16 - BEST MATCH: dog9 (0.04% likely) 

2018-02-20 16:49:16 - BEST MATCH: horse (0.04% likely) 

2018-02-20 16:49:16 - 

2018-02-20 16:59:15 - BEST MATCH: dog4 (99.02% likely) 

2018-02-20 16:59:15 - BEST MATCH: dog3 (0.13% likely) 

2018-02-20 16:59:15 - BEST MATCH: dog17 (0.10% likely) 

2018-02-20 16:59:15 - BEST MATCH: dog9 (0.04% likely) 

2018-02-20 16:59:15 - BEST MATCH: horse (0.04% likely) 

2018-02-20 16:59:15 - 

