2018-02-19 15:51:35 - Starting SpringBootWebApplication v1.0 on DESKTOP-UUD4EUS with PID 3612 (C:\kasra\myAnim\animalkingdom\target\boot-animalkingdom-1.0.jar started by svuser in C:\kasra\myAnim\animalkingdom)
2018-02-19 15:51:35 - Running with Spring Boot v1.4.2.RELEASE, Spring v4.3.4.RELEASE
2018-02-19 15:51:35 - No active profile set, falling back to default profiles: default
2018-02-19 15:51:36 - HV000001: Hibernate Validator 5.2.4.Final
2018-02-19 15:51:36 - Cannot find javax.persistence.Persistence on classpath. Assuming non JPA 2 environment. All properties will per default be traversable.
2018-02-19 15:51:37 - Cannot find javax.persistence.Persistence on classpath. Assuming non JPA 2 environment. All properties will per default be traversable.
2018-02-19 15:51:37 - Setting custom MessageInterpolator of type org.springframework.validation.beanvalidation.LocaleContextMessageInterpolator
2018-02-19 15:51:37 - Setting custom ConstraintValidatorFactory of type org.springframework.validation.beanvalidation.SpringConstraintValidatorFactory
2018-02-19 15:51:37 - Setting custom ParameterNameProvider of type com.sun.proxy.$Proxy47
2018-02-19 15:51:37 - Trying to load META-INF/validation.xml for XML based Validator configuration.
2018-02-19 15:51:37 - Trying to load META-INF/validation.xml via user class loader
2018-02-19 15:51:37 - Trying to load META-INF/validation.xml via TCCL
2018-02-19 15:51:37 - Trying to load META-INF/validation.xml via Hibernate Validator's class loader
2018-02-19 15:51:37 - No META-INF/validation.xml found. Using annotation based configuration only.
2018-02-19 15:51:38 - Cannot find javax.persistence.Persistence on classpath. Assuming non JPA 2 environment. All properties will per default be traversable.
2018-02-19 15:51:38 - Setting custom MessageInterpolator of type org.springframework.validation.beanvalidation.LocaleContextMessageInterpolator
2018-02-19 15:51:38 - Setting custom ConstraintValidatorFactory of type org.springframework.validation.beanvalidation.SpringConstraintValidatorFactory
2018-02-19 15:51:38 - Setting custom ParameterNameProvider of type com.sun.proxy.$Proxy47
2018-02-19 15:51:38 - Trying to load META-INF/validation.xml for XML based Validator configuration.
2018-02-19 15:51:38 - Trying to load META-INF/validation.xml via user class loader
2018-02-19 15:51:38 - Trying to load META-INF/validation.xml via TCCL
2018-02-19 15:51:38 - Trying to load META-INF/validation.xml via Hibernate Validator's class loader
2018-02-19 15:51:38 - No META-INF/validation.xml found. Using annotation based configuration only.
2018-02-19 15:51:38 - Cannot find template location: classpath:/templates/ (please add some templates or check your Thymeleaf configuration)
2018-02-19 15:51:38 - Started SpringBootWebApplication in 3.468 seconds (JVM running for 3.991)
2018-02-19 15:51:52 - BEST MATCH: wolf (25.92% likely) 

2018-02-19 15:51:52 - BEST MATCH: dog (23.41% likely) 

2018-02-19 15:51:52 - BEST MATCH: bird (8.33% likely) 

2018-02-19 15:51:52 - BEST MATCH: deer (4.21% likely) 

2018-02-19 15:51:52 - BEST MATCH: owl (2.95% likely) 

2018-02-19 15:51:52 - 

2018-02-19 15:52:01 - BEST MATCH: wolf (25.92% likely) 

2018-02-19 15:52:01 - BEST MATCH: dog (23.41% likely) 

2018-02-19 15:52:01 - BEST MATCH: bird (8.33% likely) 

2018-02-19 15:52:01 - BEST MATCH: deer (4.21% likely) 

2018-02-19 15:52:01 - BEST MATCH: owl (2.95% likely) 

2018-02-19 15:52:01 - 

2018-02-19 16:00:22 - Starting SpringBootWebApplication v1.0 on DESKTOP-UUD4EUS with PID 384 (C:\kasra\myAnim\animalkingdom\target\boot-animalkingdom-1.0.jar started by svuser in C:\kasra\myAnim\animalkingdom)
2018-02-19 16:00:22 - Running with Spring Boot v1.4.2.RELEASE, Spring v4.3.4.RELEASE
2018-02-19 16:00:22 - No active profile set, falling back to default profiles: default
2018-02-19 16:00:22 - HV000001: Hibernate Validator 5.2.4.Final
2018-02-19 16:00:22 - Cannot find javax.persistence.Persistence on classpath. Assuming non JPA 2 environment. All properties will per default be traversable.
2018-02-19 16:00:24 - Cannot find javax.persistence.Persistence on classpath. Assuming non JPA 2 environment. All properties will per default be traversable.
2018-02-19 16:00:24 - Setting custom MessageInterpolator of type org.springframework.validation.beanvalidation.LocaleContextMessageInterpolator
2018-02-19 16:00:24 - Setting custom ConstraintValidatorFactory of type org.springframework.validation.beanvalidation.SpringConstraintValidatorFactory
2018-02-19 16:00:24 - Setting custom ParameterNameProvider of type com.sun.proxy.$Proxy47
2018-02-19 16:00:24 - Trying to load META-INF/validation.xml for XML based Validator configuration.
2018-02-19 16:00:24 - Trying to load META-INF/validation.xml via user class loader
2018-02-19 16:00:24 - Trying to load META-INF/validation.xml via TCCL
2018-02-19 16:00:24 - Trying to load META-INF/validation.xml via Hibernate Validator's class loader
2018-02-19 16:00:24 - No META-INF/validation.xml found. Using annotation based configuration only.
2018-02-19 16:00:24 - Cannot find javax.persistence.Persistence on classpath. Assuming non JPA 2 environment. All properties will per default be traversable.
2018-02-19 16:00:24 - Setting custom MessageInterpolator of type org.springframework.validation.beanvalidation.LocaleContextMessageInterpolator
2018-02-19 16:00:24 - Setting custom ConstraintValidatorFactory of type org.springframework.validation.beanvalidation.SpringConstraintValidatorFactory
2018-02-19 16:00:24 - Setting custom ParameterNameProvider of type com.sun.proxy.$Proxy47
2018-02-19 16:00:24 - Trying to load META-INF/validation.xml for XML based Validator configuration.
2018-02-19 16:00:24 - Trying to load META-INF/validation.xml via user class loader
2018-02-19 16:00:24 - Trying to load META-INF/validation.xml via TCCL
2018-02-19 16:00:24 - Trying to load META-INF/validation.xml via Hibernate Validator's class loader
2018-02-19 16:00:24 - No META-INF/validation.xml found. Using annotation based configuration only.
2018-02-19 16:00:25 - Cannot find template location: classpath:/templates/ (please add some templates or check your Thymeleaf configuration)
2018-02-19 16:00:25 - Started SpringBootWebApplication in 3.233 seconds (JVM running for 3.748)
2018-02-19 16:09:50 - Starting SpringBootWebApplication v1.0 on DESKTOP-UUD4EUS with PID 3788 (C:\kasra\myAnim\animalkingdom\target\boot-animalkingdom-1.0.jar started by svuser in C:\kasra\myAnim\animalkingdom)
2018-02-19 16:09:50 - Running with Spring Boot v1.4.2.RELEASE, Spring v4.3.4.RELEASE
2018-02-19 16:09:50 - No active profile set, falling back to default profiles: default
2018-02-19 16:09:50 - HV000001: Hibernate Validator 5.2.4.Final
2018-02-19 16:09:50 - Cannot find javax.persistence.Persistence on classpath. Assuming non JPA 2 environment. All properties will per default be traversable.
2018-02-19 16:09:51 - Cannot find javax.persistence.Persistence on classpath. Assuming non JPA 2 environment. All properties will per default be traversable.
2018-02-19 16:09:51 - Setting custom MessageInterpolator of type org.springframework.validation.beanvalidation.LocaleContextMessageInterpolator
2018-02-19 16:09:51 - Setting custom ConstraintValidatorFactory of type org.springframework.validation.beanvalidation.SpringConstraintValidatorFactory
2018-02-19 16:09:51 - Setting custom ParameterNameProvider of type com.sun.proxy.$Proxy47
2018-02-19 16:09:51 - Trying to load META-INF/validation.xml for XML based Validator configuration.
2018-02-19 16:09:51 - Trying to load META-INF/validation.xml via user class loader
2018-02-19 16:09:51 - Trying to load META-INF/validation.xml via TCCL
2018-02-19 16:09:51 - Trying to load META-INF/validation.xml via Hibernate Validator's class loader
2018-02-19 16:09:51 - No META-INF/validation.xml found. Using annotation based configuration only.
2018-02-19 16:09:52 - Cannot find javax.persistence.Persistence on classpath. Assuming non JPA 2 environment. All properties will per default be traversable.
2018-02-19 16:09:52 - Setting custom MessageInterpolator of type org.springframework.validation.beanvalidation.LocaleContextMessageInterpolator
2018-02-19 16:09:52 - Setting custom ConstraintValidatorFactory of type org.springframework.validation.beanvalidation.SpringConstraintValidatorFactory
2018-02-19 16:09:52 - Setting custom ParameterNameProvider of type com.sun.proxy.$Proxy47
2018-02-19 16:09:52 - Trying to load META-INF/validation.xml for XML based Validator configuration.
2018-02-19 16:09:52 - Trying to load META-INF/validation.xml via user class loader
2018-02-19 16:09:52 - Trying to load META-INF/validation.xml via TCCL
2018-02-19 16:09:52 - Trying to load META-INF/validation.xml via Hibernate Validator's class loader
2018-02-19 16:09:52 - No META-INF/validation.xml found. Using annotation based configuration only.
2018-02-19 16:09:52 - Cannot find template location: classpath:/templates/ (please add some templates or check your Thymeleaf configuration)
2018-02-19 16:09:53 - Started SpringBootWebApplication in 3.262 seconds (JVM running for 3.768)
2018-02-19 16:10:10 - BEST MATCH: wolf (25.92% likely) 

2018-02-19 16:10:10 - BEST MATCH: dog (23.41% likely) 

2018-02-19 16:10:10 - BEST MATCH: bird (8.33% likely) 

2018-02-19 16:10:10 - BEST MATCH: deer (4.21% likely) 

2018-02-19 16:10:10 - BEST MATCH: owl (2.95% likely) 

2018-02-19 16:10:10 - 

2018-02-19 16:21:55 - Starting SpringBootWebApplication v1.0 on DESKTOP-UUD4EUS with PID 3464 (C:\kasra\myAnim\animalkingdom\target\boot-animalkingdom-1.0.jar started by svuser in C:\kasra\myAnim\animalkingdom)
2018-02-19 16:21:55 - Running with Spring Boot v1.4.2.RELEASE, Spring v4.3.4.RELEASE
2018-02-19 16:21:55 - No active profile set, falling back to default profiles: default
2018-02-19 16:21:55 - HV000001: Hibernate Validator 5.2.4.Final
2018-02-19 16:21:55 - Cannot find javax.persistence.Persistence on classpath. Assuming non JPA 2 environment. All properties will per default be traversable.
2018-02-19 16:21:56 - Cannot find javax.persistence.Persistence on classpath. Assuming non JPA 2 environment. All properties will per default be traversable.
2018-02-19 16:21:56 - Setting custom MessageInterpolator of type org.springframework.validation.beanvalidation.LocaleContextMessageInterpolator
2018-02-19 16:21:56 - Setting custom ConstraintValidatorFactory of type org.springframework.validation.beanvalidation.SpringConstraintValidatorFactory
2018-02-19 16:21:56 - Setting custom ParameterNameProvider of type com.sun.proxy.$Proxy47
2018-02-19 16:21:56 - Trying to load META-INF/validation.xml for XML based Validator configuration.
2018-02-19 16:21:56 - Trying to load META-INF/validation.xml via user class loader
2018-02-19 16:21:56 - Trying to load META-INF/validation.xml via TCCL
2018-02-19 16:21:56 - Trying to load META-INF/validation.xml via Hibernate Validator's class loader
2018-02-19 16:21:56 - No META-INF/validation.xml found. Using annotation based configuration only.
2018-02-19 16:21:57 - Cannot find javax.persistence.Persistence on classpath. Assuming non JPA 2 environment. All properties will per default be traversable.
2018-02-19 16:21:57 - Setting custom MessageInterpolator of type org.springframework.validation.beanvalidation.LocaleContextMessageInterpolator
2018-02-19 16:21:57 - Setting custom ConstraintValidatorFactory of type org.springframework.validation.beanvalidation.SpringConstraintValidatorFactory
2018-02-19 16:21:57 - Setting custom ParameterNameProvider of type com.sun.proxy.$Proxy47
2018-02-19 16:21:57 - Trying to load META-INF/validation.xml for XML based Validator configuration.
2018-02-19 16:21:57 - Trying to load META-INF/validation.xml via user class loader
2018-02-19 16:21:57 - Trying to load META-INF/validation.xml via TCCL
2018-02-19 16:21:57 - Trying to load META-INF/validation.xml via Hibernate Validator's class loader
2018-02-19 16:21:57 - No META-INF/validation.xml found. Using annotation based configuration only.
2018-02-19 16:21:57 - Cannot find template location: classpath:/templates/ (please add some templates or check your Thymeleaf configuration)
2018-02-19 16:21:58 - Started SpringBootWebApplication in 3.243 seconds (JVM running for 3.852)
2018-02-19 16:22:07 - BEST MATCH: dog (88.52% likely) 

2018-02-19 16:22:07 - BEST MATCH: dog19 (0.84% likely) 

2018-02-19 16:22:07 - BEST MATCH: dog14 (0.77% likely) 

2018-02-19 16:22:07 - BEST MATCH: dog11 (0.59% likely) 

2018-02-19 16:22:07 - BEST MATCH: wolf (0.48% likely) 

2018-02-19 16:22:07 - 

2018-02-19 16:22:41 - Servlet.service() for servlet [dispatcherServlet] in context with path [] threw exception [Request processing failed; nested exception is java.lang.IllegalArgumentException: Expected image (JPEG, PNG, or GIF), got unknown format starting with 'PK\003\004\024\000\010\010\010\000SRML\000\000'
	 [[Node: DecodeJpeg = DecodeJpeg[acceptable_fraction=1, channels=3, dct_method="", fancy_upscaling=true, ratio=1, try_recover_truncated=false, _device="/job:localhost/replica:0/task:0/device:CPU:0"](_arg_DecodeJpeg/contents_0_0)]]] with root cause
java.lang.IllegalArgumentException: Expected image (JPEG, PNG, or GIF), got unknown format starting with 'PK\003\004\024\000\010\010\010\000SRML\000\000'
	 [[Node: DecodeJpeg = DecodeJpeg[acceptable_fraction=1, channels=3, dct_method="", fancy_upscaling=true, ratio=1, try_recover_truncated=false, _device="/job:localhost/replica:0/task:0/device:CPU:0"](_arg_DecodeJpeg/contents_0_0)]]
	at org.tensorflow.Session.run(Native Method)
	at org.tensorflow.Session.access$100(Session.java:48)
	at org.tensorflow.Session$Runner.runHelper(Session.java:298)
	at org.tensorflow.Session$Runner.run(Session.java:248)
	at com.boot.animalkingdom.controller.Controller.executeInceptionGraph(Controller.java:235)
	at com.boot.animalkingdom.controller.Controller.classifyImageResultViaAjax(Controller.java:77)
	at sun.reflect.NativeMethodAccessorImpl.invoke0(Native Method)
	at sun.reflect.NativeMethodAccessorImpl.invoke(Unknown Source)
	at sun.reflect.DelegatingMethodAccessorImpl.invoke(Unknown Source)
	at java.lang.reflect.Method.invoke(Unknown Source)
	at org.springframework.web.method.support.InvocableHandlerMethod.doInvoke(InvocableHandlerMethod.java:220)
	at org.springframework.web.method.support.InvocableHandlerMethod.invokeForRequest(InvocableHandlerMethod.java:134)
	at org.springframework.web.servlet.mvc.method.annotation.ServletInvocableHandlerMethod.invokeAndHandle(ServletInvocableHandlerMethod.java:116)
	at org.springframework.web.servlet.mvc.method.annotation.RequestMappingHandlerAdapter.invokeHandlerMethod(RequestMappingHandlerAdapter.java:827)
	at org.springframework.web.servlet.mvc.method.annotation.RequestMappingHandlerAdapter.handleInternal(RequestMappingHandlerAdapter.java:738)
	at org.springframework.web.servlet.mvc.method.AbstractHandlerMethodAdapter.handle(AbstractHandlerMethodAdapter.java:85)
	at org.springframework.web.servlet.DispatcherServlet.doDispatch(DispatcherServlet.java:963)
	at org.springframework.web.servlet.DispatcherServlet.doService(DispatcherServlet.java:897)
	at org.springframework.web.servlet.FrameworkServlet.processRequest(FrameworkServlet.java:970)
	at org.springframework.web.servlet.FrameworkServlet.doPost(FrameworkServlet.java:872)
	at javax.servlet.http.HttpServlet.service(HttpServlet.java:648)
	at org.springframework.web.servlet.FrameworkServlet.service(FrameworkServlet.java:846)
	at javax.servlet.http.HttpServlet.service(HttpServlet.java:729)
	at org.apache.catalina.core.ApplicationFilterChain.internalDoFilter(ApplicationFilterChain.java:230)
	at org.apache.catalina.core.ApplicationFilterChain.doFilter(ApplicationFilterChain.java:165)
	at org.apache.tomcat.websocket.server.WsFilter.doFilter(WsFilter.java:52)
	at org.apache.catalina.core.ApplicationFilterChain.internalDoFilter(ApplicationFilterChain.java:192)
	at org.apache.catalina.core.ApplicationFilterChain.doFilter(ApplicationFilterChain.java:165)
	at org.springframework.web.filter.RequestContextFilter.doFilterInternal(RequestContextFilter.java:99)
	at org.springframework.web.filter.OncePerRequestFilter.doFilter(OncePerRequestFilter.java:107)
	at org.apache.catalina.core.ApplicationFilterChain.internalDoFilter(ApplicationFilterChain.java:192)
	at org.apache.catalina.core.ApplicationFilterChain.doFilter(ApplicationFilterChain.java:165)
	at org.springframework.web.filter.HttpPutFormContentFilter.doFilterInternal(HttpPutFormContentFilter.java:89)
	at org.springframework.web.filter.OncePerRequestFilter.doFilter(OncePerRequestFilter.java:107)
	at org.apache.catalina.core.ApplicationFilterChain.internalDoFilter(ApplicationFilterChain.java:192)
	at org.apache.catalina.core.ApplicationFilterChain.doFilter(ApplicationFilterChain.java:165)
	at org.springframework.web.filter.HiddenHttpMethodFilter.doFilterInternal(HiddenHttpMethodFilter.java:77)
	at org.springframework.web.filter.OncePerRequestFilter.doFilter(OncePerRequestFilter.java:107)
	at org.apache.catalina.core.ApplicationFilterChain.internalDoFilter(ApplicationFilterChain.java:192)
	at org.apache.catalina.core.ApplicationFilterChain.doFilter(ApplicationFilterChain.java:165)
	at org.springframework.web.filter.CharacterEncodingFilter.doFilterInternal(CharacterEncodingFilter.java:197)
	at org.springframework.web.filter.OncePerRequestFilter.doFilter(OncePerRequestFilter.java:107)
	at org.apache.catalina.core.ApplicationFilterChain.internalDoFilter(ApplicationFilterChain.java:192)
	at org.apache.catalina.core.ApplicationFilterChain.doFilter(ApplicationFilterChain.java:165)
	at org.apache.catalina.core.StandardWrapperValve.invoke(StandardWrapperValve.java:198)
	at org.apache.catalina.core.StandardContextValve.invoke(StandardContextValve.java:108)
	at org.apache.catalina.authenticator.AuthenticatorBase.invoke(AuthenticatorBase.java:472)
	at org.apache.catalina.core.StandardHostValve.invoke(StandardHostValve.java:140)
	at org.apache.catalina.valves.ErrorReportValve.invoke(ErrorReportValve.java:79)
	at org.apache.catalina.core.StandardEngineValve.invoke(StandardEngineValve.java:87)
	at org.apache.catalina.connector.CoyoteAdapter.service(CoyoteAdapter.java:349)
	at org.apache.coyote.http11.Http11Processor.service(Http11Processor.java:784)
	at org.apache.coyote.AbstractProcessorLight.process(AbstractProcessorLight.java:66)
	at org.apache.coyote.AbstractProtocol$ConnectionHandler.process(AbstractProtocol.java:802)
	at org.apache.tomcat.util.net.NioEndpoint$SocketProcessor.doRun(NioEndpoint.java:1410)
	at org.apache.tomcat.util.net.SocketProcessorBase.run(SocketProcessorBase.java:49)
	at java.util.concurrent.ThreadPoolExecutor.runWorker(Unknown Source)
	at java.util.concurrent.ThreadPoolExecutor$Worker.run(Unknown Source)
	at org.apache.tomcat.util.threads.TaskThread$WrappingRunnable.run(TaskThread.java:61)
	at java.lang.Thread.run(Unknown Source)
2018-02-19 16:23:05 - BEST MATCH: dog4 (99.02% likely) 

2018-02-19 16:23:05 - BEST MATCH: dog3 (0.13% likely) 

2018-02-19 16:23:05 - BEST MATCH: dog17 (0.10% likely) 

2018-02-19 16:23:05 - BEST MATCH: dog9 (0.04% likely) 

2018-02-19 16:23:05 - BEST MATCH: horse (0.04% likely) 

2018-02-19 16:23:05 - 

2018-02-19 16:23:39 - BEST MATCH: dog6 (77.58% likely) 

2018-02-19 16:23:39 - BEST MATCH: dog4 (0.88% likely) 

2018-02-19 16:23:39 - BEST MATCH: dog5 (0.81% likely) 

2018-02-19 16:23:39 - BEST MATCH: dog7 (0.74% likely) 

2018-02-19 16:23:39 - BEST MATCH: dog20 (0.73% likely) 

2018-02-19 16:23:39 - 

2018-02-19 16:23:55 - BEST MATCH: dog8 (16.17% likely) 

2018-02-19 16:23:55 - BEST MATCH: dog9 (9.59% likely) 

2018-02-19 16:23:55 - BEST MATCH: dog17 (4.02% likely) 

2018-02-19 16:23:55 - BEST MATCH: dog4 (3.28% likely) 

2018-02-19 16:23:55 - BEST MATCH: dog6 (2.89% likely) 

2018-02-19 16:23:55 - 

2018-02-19 16:24:15 - Starting SpringBootWebApplication v1.0 on DESKTOP-UUD4EUS with PID 11448 (C:\kasra\myAnim\animalkingdom\target\boot-animalkingdom-1.0.jar started by svuser in C:\kasra\myAnim\animalkingdom)
2018-02-19 16:24:15 - Running with Spring Boot v1.4.2.RELEASE, Spring v4.3.4.RELEASE
2018-02-19 16:24:15 - No active profile set, falling back to default profiles: default
2018-02-19 16:24:15 - HV000001: Hibernate Validator 5.2.4.Final
2018-02-19 16:24:15 - Cannot find javax.persistence.Persistence on classpath. Assuming non JPA 2 environment. All properties will per default be traversable.
2018-02-19 16:24:16 - Cannot find javax.persistence.Persistence on classpath. Assuming non JPA 2 environment. All properties will per default be traversable.
2018-02-19 16:24:16 - Setting custom MessageInterpolator of type org.springframework.validation.beanvalidation.LocaleContextMessageInterpolator
2018-02-19 16:24:16 - Setting custom ConstraintValidatorFactory of type org.springframework.validation.beanvalidation.SpringConstraintValidatorFactory
2018-02-19 16:24:16 - Setting custom ParameterNameProvider of type com.sun.proxy.$Proxy47
2018-02-19 16:24:16 - Trying to load META-INF/validation.xml for XML based Validator configuration.
2018-02-19 16:24:16 - Trying to load META-INF/validation.xml via user class loader
2018-02-19 16:24:16 - Trying to load META-INF/validation.xml via TCCL
2018-02-19 16:24:16 - Trying to load META-INF/validation.xml via Hibernate Validator's class loader
2018-02-19 16:24:16 - No META-INF/validation.xml found. Using annotation based configuration only.
2018-02-19 16:24:17 - Cannot find javax.persistence.Persistence on classpath. Assuming non JPA 2 environment. All properties will per default be traversable.
2018-02-19 16:24:17 - Setting custom MessageInterpolator of type org.springframework.validation.beanvalidation.LocaleContextMessageInterpolator
2018-02-19 16:24:17 - Setting custom ConstraintValidatorFactory of type org.springframework.validation.beanvalidation.SpringConstraintValidatorFactory
2018-02-19 16:24:17 - Setting custom ParameterNameProvider of type com.sun.proxy.$Proxy47
2018-02-19 16:24:17 - Trying to load META-INF/validation.xml for XML based Validator configuration.
2018-02-19 16:24:17 - Trying to load META-INF/validation.xml via user class loader
2018-02-19 16:24:17 - Trying to load META-INF/validation.xml via TCCL
2018-02-19 16:24:17 - Trying to load META-INF/validation.xml via Hibernate Validator's class loader
2018-02-19 16:24:17 - No META-INF/validation.xml found. Using annotation based configuration only.
2018-02-19 16:24:17 - Cannot find template location: classpath:/templates/ (please add some templates or check your Thymeleaf configuration)
2018-02-19 16:24:18 - Started SpringBootWebApplication in 3.045 seconds (JVM running for 3.574)
2018-02-19 16:24:41 - BEST MATCH: dog7 (56.51% likely) 

2018-02-19 16:24:41 - BEST MATCH: dog8 (4.28% likely) 

2018-02-19 16:24:41 - BEST MATCH: rabbit (2.11% likely) 

2018-02-19 16:24:41 - BEST MATCH: pig (1.93% likely) 

2018-02-19 16:24:41 - BEST MATCH: dog3 (1.89% likely) 

2018-02-19 16:24:41 - 

2018-02-19 16:30:03 - Starting SpringBootWebApplication v1.0 on DESKTOP-UUD4EUS with PID 10628 (C:\kasra\myAnim\animalkingdom\target\boot-animalkingdom-1.0.jar started by svuser in C:\kasra\myAnim\animalkingdom)
2018-02-19 16:30:03 - Running with Spring Boot v1.4.2.RELEASE, Spring v4.3.4.RELEASE
2018-02-19 16:30:03 - No active profile set, falling back to default profiles: default
2018-02-19 16:30:03 - HV000001: Hibernate Validator 5.2.4.Final
2018-02-19 16:30:03 - Cannot find javax.persistence.Persistence on classpath. Assuming non JPA 2 environment. All properties will per default be traversable.
2018-02-19 16:30:04 - Cannot find javax.persistence.Persistence on classpath. Assuming non JPA 2 environment. All properties will per default be traversable.
2018-02-19 16:30:04 - Setting custom MessageInterpolator of type org.springframework.validation.beanvalidation.LocaleContextMessageInterpolator
2018-02-19 16:30:04 - Setting custom ConstraintValidatorFactory of type org.springframework.validation.beanvalidation.SpringConstraintValidatorFactory
2018-02-19 16:30:04 - Setting custom ParameterNameProvider of type com.sun.proxy.$Proxy47
2018-02-19 16:30:04 - Trying to load META-INF/validation.xml for XML based Validator configuration.
2018-02-19 16:30:04 - Trying to load META-INF/validation.xml via user class loader
2018-02-19 16:30:04 - Trying to load META-INF/validation.xml via TCCL
2018-02-19 16:30:04 - Trying to load META-INF/validation.xml via Hibernate Validator's class loader
2018-02-19 16:30:04 - No META-INF/validation.xml found. Using annotation based configuration only.
2018-02-19 16:30:05 - Cannot find javax.persistence.Persistence on classpath. Assuming non JPA 2 environment. All properties will per default be traversable.
2018-02-19 16:30:05 - Setting custom MessageInterpolator of type org.springframework.validation.beanvalidation.LocaleContextMessageInterpolator
2018-02-19 16:30:05 - Setting custom ConstraintValidatorFactory of type org.springframework.validation.beanvalidation.SpringConstraintValidatorFactory
2018-02-19 16:30:05 - Setting custom ParameterNameProvider of type com.sun.proxy.$Proxy47
2018-02-19 16:30:05 - Trying to load META-INF/validation.xml for XML based Validator configuration.
2018-02-19 16:30:05 - Trying to load META-INF/validation.xml via user class loader
2018-02-19 16:30:05 - Trying to load META-INF/validation.xml via TCCL
2018-02-19 16:30:05 - Trying to load META-INF/validation.xml via Hibernate Validator's class loader
2018-02-19 16:30:05 - No META-INF/validation.xml found. Using annotation based configuration only.
2018-02-19 16:30:05 - Cannot find template location: classpath:/templates/ (please add some templates or check your Thymeleaf configuration)
2018-02-19 16:30:05 - Started SpringBootWebApplication in 3.168 seconds (JVM running for 3.71)
2018-02-19 16:30:16 - BEST MATCH: dog4 (99.02% likely) 

2018-02-19 16:30:16 - BEST MATCH: dog3 (0.13% likely) 

2018-02-19 16:30:16 - BEST MATCH: dog17 (0.10% likely) 

2018-02-19 16:30:16 - BEST MATCH: dog9 (0.04% likely) 

2018-02-19 16:30:16 - BEST MATCH: horse (0.04% likely) 

2018-02-19 16:30:16 - 

2018-02-19 16:31:39 - Starting SpringBootWebApplication v1.0 on DESKTOP-UUD4EUS with PID 4876 (C:\kasra\myAnim\animalkingdom\target\boot-animalkingdom-1.0.jar started by svuser in C:\kasra\myAnim\animalkingdom)
2018-02-19 16:31:39 - Running with Spring Boot v1.4.2.RELEASE, Spring v4.3.4.RELEASE
2018-02-19 16:31:39 - No active profile set, falling back to default profiles: default
2018-02-19 16:31:40 - HV000001: Hibernate Validator 5.2.4.Final
2018-02-19 16:31:40 - Cannot find javax.persistence.Persistence on classpath. Assuming non JPA 2 environment. All properties will per default be traversable.
2018-02-19 16:31:41 - Cannot find javax.persistence.Persistence on classpath. Assuming non JPA 2 environment. All properties will per default be traversable.
2018-02-19 16:31:41 - Setting custom MessageInterpolator of type org.springframework.validation.beanvalidation.LocaleContextMessageInterpolator
2018-02-19 16:31:41 - Setting custom ConstraintValidatorFactory of type org.springframework.validation.beanvalidation.SpringConstraintValidatorFactory
2018-02-19 16:31:41 - Setting custom ParameterNameProvider of type com.sun.proxy.$Proxy47
2018-02-19 16:31:41 - Trying to load META-INF/validation.xml for XML based Validator configuration.
2018-02-19 16:31:41 - Trying to load META-INF/validation.xml via user class loader
2018-02-19 16:31:41 - Trying to load META-INF/validation.xml via TCCL
2018-02-19 16:31:41 - Trying to load META-INF/validation.xml via Hibernate Validator's class loader
2018-02-19 16:31:41 - No META-INF/validation.xml found. Using annotation based configuration only.
2018-02-19 16:31:42 - Cannot find javax.persistence.Persistence on classpath. Assuming non JPA 2 environment. All properties will per default be traversable.
2018-02-19 16:31:42 - Setting custom MessageInterpolator of type org.springframework.validation.beanvalidation.LocaleContextMessageInterpolator
2018-02-19 16:31:42 - Setting custom ConstraintValidatorFactory of type org.springframework.validation.beanvalidation.SpringConstraintValidatorFactory
2018-02-19 16:31:42 - Setting custom ParameterNameProvider of type com.sun.proxy.$Proxy47
2018-02-19 16:31:42 - Trying to load META-INF/validation.xml for XML based Validator configuration.
2018-02-19 16:31:42 - Trying to load META-INF/validation.xml via user class loader
2018-02-19 16:31:42 - Trying to load META-INF/validation.xml via TCCL
2018-02-19 16:31:42 - Trying to load META-INF/validation.xml via Hibernate Validator's class loader
2018-02-19 16:31:42 - No META-INF/validation.xml found. Using annotation based configuration only.
2018-02-19 16:31:42 - Cannot find template location: classpath:/templates/ (please add some templates or check your Thymeleaf configuration)
2018-02-19 16:31:42 - Started SpringBootWebApplication in 3.355 seconds (JVM running for 3.869)
2018-02-19 16:31:54 - BEST MATCH: dog4 (99.02% likely) 

2018-02-19 16:31:54 - BEST MATCH: dog3 (0.13% likely) 

2018-02-19 16:31:54 - BEST MATCH: dog17 (0.10% likely) 

2018-02-19 16:31:54 - BEST MATCH: dog9 (0.04% likely) 

2018-02-19 16:31:54 - BEST MATCH: horse (0.04% likely) 

2018-02-19 16:31:54 - 

2018-02-19 16:36:53 - Starting SpringBootWebApplication v1.0 on DESKTOP-UUD4EUS with PID 5928 (C:\kasra\myAnim\animalkingdom\target\boot-animalkingdom-1.0.jar started by svuser in C:\kasra\myAnim\animalkingdom)
2018-02-19 16:36:53 - Running with Spring Boot v1.4.2.RELEASE, Spring v4.3.4.RELEASE
2018-02-19 16:36:53 - No active profile set, falling back to default profiles: default
2018-02-19 16:36:53 - HV000001: Hibernate Validator 5.2.4.Final
2018-02-19 16:36:53 - Cannot find javax.persistence.Persistence on classpath. Assuming non JPA 2 environment. All properties will per default be traversable.
2018-02-19 16:36:54 - Cannot find javax.persistence.Persistence on classpath. Assuming non JPA 2 environment. All properties will per default be traversable.
2018-02-19 16:36:54 - Setting custom MessageInterpolator of type org.springframework.validation.beanvalidation.LocaleContextMessageInterpolator
2018-02-19 16:36:54 - Setting custom ConstraintValidatorFactory of type org.springframework.validation.beanvalidation.SpringConstraintValidatorFactory
2018-02-19 16:36:54 - Setting custom ParameterNameProvider of type com.sun.proxy.$Proxy47
2018-02-19 16:36:54 - Trying to load META-INF/validation.xml for XML based Validator configuration.
2018-02-19 16:36:54 - Trying to load META-INF/validation.xml via user class loader
2018-02-19 16:36:54 - Trying to load META-INF/validation.xml via TCCL
2018-02-19 16:36:54 - Trying to load META-INF/validation.xml via Hibernate Validator's class loader
2018-02-19 16:36:54 - No META-INF/validation.xml found. Using annotation based configuration only.
2018-02-19 16:36:55 - Cannot find javax.persistence.Persistence on classpath. Assuming non JPA 2 environment. All properties will per default be traversable.
2018-02-19 16:36:55 - Setting custom MessageInterpolator of type org.springframework.validation.beanvalidation.LocaleContextMessageInterpolator
2018-02-19 16:36:55 - Setting custom ConstraintValidatorFactory of type org.springframework.validation.beanvalidation.SpringConstraintValidatorFactory
2018-02-19 16:36:55 - Setting custom ParameterNameProvider of type com.sun.proxy.$Proxy47
2018-02-19 16:36:55 - Trying to load META-INF/validation.xml for XML based Validator configuration.
2018-02-19 16:36:55 - Trying to load META-INF/validation.xml via user class loader
2018-02-19 16:36:55 - Trying to load META-INF/validation.xml via TCCL
2018-02-19 16:36:55 - Trying to load META-INF/validation.xml via Hibernate Validator's class loader
2018-02-19 16:36:55 - No META-INF/validation.xml found. Using annotation based configuration only.
2018-02-19 16:36:55 - Cannot find template location: classpath:/templates/ (please add some templates or check your Thymeleaf configuration)
2018-02-19 16:36:56 - Started SpringBootWebApplication in 3.311 seconds (JVM running for 3.975)
2018-02-19 16:37:05 - BEST MATCH: dog4 (99.02% likely) 

2018-02-19 16:37:05 - BEST MATCH: dog3 (0.13% likely) 

2018-02-19 16:37:05 - BEST MATCH: dog17 (0.10% likely) 

2018-02-19 16:37:05 - BEST MATCH: dog9 (0.04% likely) 

2018-02-19 16:37:05 - BEST MATCH: horse (0.04% likely) 

2018-02-19 16:37:05 - 

2018-02-19 16:40:25 - Starting SpringBootWebApplication v1.0 on DESKTOP-UUD4EUS with PID 11764 (C:\kasra\myAnim\animalkingdom\target\boot-animalkingdom-1.0.jar started by svuser in C:\kasra\myAnim\animalkingdom)
2018-02-19 16:40:25 - Running with Spring Boot v1.4.2.RELEASE, Spring v4.3.4.RELEASE
2018-02-19 16:40:25 - No active profile set, falling back to default profiles: default
2018-02-19 16:40:25 - HV000001: Hibernate Validator 5.2.4.Final
2018-02-19 16:40:25 - Cannot find javax.persistence.Persistence on classpath. Assuming non JPA 2 environment. All properties will per default be traversable.
2018-02-19 16:40:26 - Cannot find javax.persistence.Persistence on classpath. Assuming non JPA 2 environment. All properties will per default be traversable.
2018-02-19 16:40:26 - Setting custom MessageInterpolator of type org.springframework.validation.beanvalidation.LocaleContextMessageInterpolator
2018-02-19 16:40:26 - Setting custom ConstraintValidatorFactory of type org.springframework.validation.beanvalidation.SpringConstraintValidatorFactory
2018-02-19 16:40:26 - Setting custom ParameterNameProvider of type com.sun.proxy.$Proxy47
2018-02-19 16:40:26 - Trying to load META-INF/validation.xml for XML based Validator configuration.
2018-02-19 16:40:26 - Trying to load META-INF/validation.xml via user class loader
2018-02-19 16:40:26 - Trying to load META-INF/validation.xml via TCCL
2018-02-19 16:40:26 - Trying to load META-INF/validation.xml via Hibernate Validator's class loader
2018-02-19 16:40:26 - No META-INF/validation.xml found. Using annotation based configuration only.
2018-02-19 16:40:27 - Cannot find javax.persistence.Persistence on classpath. Assuming non JPA 2 environment. All properties will per default be traversable.
2018-02-19 16:40:27 - Setting custom MessageInterpolator of type org.springframework.validation.beanvalidation.LocaleContextMessageInterpolator
2018-02-19 16:40:27 - Setting custom ConstraintValidatorFactory of type org.springframework.validation.beanvalidation.SpringConstraintValidatorFactory
2018-02-19 16:40:27 - Setting custom ParameterNameProvider of type com.sun.proxy.$Proxy47
2018-02-19 16:40:27 - Trying to load META-INF/validation.xml for XML based Validator configuration.
2018-02-19 16:40:27 - Trying to load META-INF/validation.xml via user class loader
2018-02-19 16:40:27 - Trying to load META-INF/validation.xml via TCCL
2018-02-19 16:40:27 - Trying to load META-INF/validation.xml via Hibernate Validator's class loader
2018-02-19 16:40:27 - No META-INF/validation.xml found. Using annotation based configuration only.
2018-02-19 16:40:27 - Cannot find template location: classpath:/templates/ (please add some templates or check your Thymeleaf configuration)
2018-02-19 16:40:28 - Started SpringBootWebApplication in 3.042 seconds (JVM running for 3.743)
2018-02-19 16:40:44 - BEST MATCH: dog4 (99.02% likely) 

2018-02-19 16:40:44 - BEST MATCH: dog3 (0.13% likely) 

2018-02-19 16:40:44 - BEST MATCH: dog17 (0.10% likely) 

2018-02-19 16:40:44 - BEST MATCH: dog9 (0.04% likely) 

2018-02-19 16:40:44 - BEST MATCH: horse (0.04% likely) 

2018-02-19 16:40:44 - 

2018-02-19 16:42:04 - Starting SpringBootWebApplication v1.0 on DESKTOP-UUD4EUS with PID 6084 (C:\kasra\myAnim\animalkingdom\target\boot-animalkingdom-1.0.jar started by svuser in C:\kasra\myAnim\animalkingdom)
2018-02-19 16:42:04 - Running with Spring Boot v1.4.2.RELEASE, Spring v4.3.4.RELEASE
2018-02-19 16:42:04 - No active profile set, falling back to default profiles: default
2018-02-19 16:42:04 - HV000001: Hibernate Validator 5.2.4.Final
2018-02-19 16:42:04 - Cannot find javax.persistence.Persistence on classpath. Assuming non JPA 2 environment. All properties will per default be traversable.
2018-02-19 16:42:05 - Cannot find javax.persistence.Persistence on classpath. Assuming non JPA 2 environment. All properties will per default be traversable.
2018-02-19 16:42:05 - Setting custom MessageInterpolator of type org.springframework.validation.beanvalidation.LocaleContextMessageInterpolator
2018-02-19 16:42:05 - Setting custom ConstraintValidatorFactory of type org.springframework.validation.beanvalidation.SpringConstraintValidatorFactory
2018-02-19 16:42:05 - Setting custom ParameterNameProvider of type com.sun.proxy.$Proxy47
2018-02-19 16:42:05 - Trying to load META-INF/validation.xml for XML based Validator configuration.
2018-02-19 16:42:05 - Trying to load META-INF/validation.xml via user class loader
2018-02-19 16:42:05 - Trying to load META-INF/validation.xml via TCCL
2018-02-19 16:42:05 - Trying to load META-INF/validation.xml via Hibernate Validator's class loader
2018-02-19 16:42:05 - No META-INF/validation.xml found. Using annotation based configuration only.
2018-02-19 16:42:06 - Cannot find javax.persistence.Persistence on classpath. Assuming non JPA 2 environment. All properties will per default be traversable.
2018-02-19 16:42:06 - Setting custom MessageInterpolator of type org.springframework.validation.beanvalidation.LocaleContextMessageInterpolator
2018-02-19 16:42:06 - Setting custom ConstraintValidatorFactory of type org.springframework.validation.beanvalidation.SpringConstraintValidatorFactory
2018-02-19 16:42:06 - Setting custom ParameterNameProvider of type com.sun.proxy.$Proxy47
2018-02-19 16:42:06 - Trying to load META-INF/validation.xml for XML based Validator configuration.
2018-02-19 16:42:06 - Trying to load META-INF/validation.xml via user class loader
2018-02-19 16:42:06 - Trying to load META-INF/validation.xml via TCCL
2018-02-19 16:42:06 - Trying to load META-INF/validation.xml via Hibernate Validator's class loader
2018-02-19 16:42:06 - No META-INF/validation.xml found. Using annotation based configuration only.
2018-02-19 16:42:06 - Cannot find template location: classpath:/templates/ (please add some templates or check your Thymeleaf configuration)
2018-02-19 16:42:07 - Started SpringBootWebApplication in 3.218 seconds (JVM running for 3.807)
2018-02-19 16:42:18 - BEST MATCH: dog7 (56.51% likely) 

2018-02-19 16:42:18 - BEST MATCH: dog8 (4.28% likely) 

2018-02-19 16:42:18 - BEST MATCH: rabbit (2.11% likely) 

2018-02-19 16:42:18 - BEST MATCH: pig (1.93% likely) 

2018-02-19 16:42:18 - BEST MATCH: dog3 (1.89% likely) 

2018-02-19 16:42:18 - 

2018-02-19 16:49:59 - Starting SpringBootWebApplication v1.0 on DESKTOP-UUD4EUS with PID 10400 (C:\kasra\myAnim\animalkingdom\target\boot-animalkingdom-1.0.jar started by svuser in C:\kasra\myAnim\animalkingdom)
2018-02-19 16:49:59 - Running with Spring Boot v1.4.2.RELEASE, Spring v4.3.4.RELEASE
2018-02-19 16:49:59 - No active profile set, falling back to default profiles: default
2018-02-19 16:49:59 - HV000001: Hibernate Validator 5.2.4.Final
2018-02-19 16:49:59 - Cannot find javax.persistence.Persistence on classpath. Assuming non JPA 2 environment. All properties will per default be traversable.
2018-02-19 16:50:01 - Cannot find javax.persistence.Persistence on classpath. Assuming non JPA 2 environment. All properties will per default be traversable.
2018-02-19 16:50:01 - Setting custom MessageInterpolator of type org.springframework.validation.beanvalidation.LocaleContextMessageInterpolator
2018-02-19 16:50:01 - Setting custom ConstraintValidatorFactory of type org.springframework.validation.beanvalidation.SpringConstraintValidatorFactory
2018-02-19 16:50:01 - Setting custom ParameterNameProvider of type com.sun.proxy.$Proxy47
2018-02-19 16:50:01 - Trying to load META-INF/validation.xml for XML based Validator configuration.
2018-02-19 16:50:01 - Trying to load META-INF/validation.xml via user class loader
2018-02-19 16:50:01 - Trying to load META-INF/validation.xml via TCCL
2018-02-19 16:50:01 - Trying to load META-INF/validation.xml via Hibernate Validator's class loader
2018-02-19 16:50:01 - No META-INF/validation.xml found. Using annotation based configuration only.
2018-02-19 16:50:02 - Cannot find javax.persistence.Persistence on classpath. Assuming non JPA 2 environment. All properties will per default be traversable.
2018-02-19 16:50:02 - Setting custom MessageInterpolator of type org.springframework.validation.beanvalidation.LocaleContextMessageInterpolator
2018-02-19 16:50:02 - Setting custom ConstraintValidatorFactory of type org.springframework.validation.beanvalidation.SpringConstraintValidatorFactory
2018-02-19 16:50:02 - Setting custom ParameterNameProvider of type com.sun.proxy.$Proxy47
2018-02-19 16:50:02 - Trying to load META-INF/validation.xml for XML based Validator configuration.
2018-02-19 16:50:02 - Trying to load META-INF/validation.xml via user class loader
2018-02-19 16:50:02 - Trying to load META-INF/validation.xml via TCCL
2018-02-19 16:50:02 - Trying to load META-INF/validation.xml via Hibernate Validator's class loader
2018-02-19 16:50:02 - No META-INF/validation.xml found. Using annotation based configuration only.
2018-02-19 16:50:02 - Cannot find template location: classpath:/templates/ (please add some templates or check your Thymeleaf configuration)
2018-02-19 16:50:02 - Started SpringBootWebApplication in 3.689 seconds (JVM running for 4.255)
2018-02-19 16:50:23 - BEST MATCH: dog7 (56.51% likely) 

2018-02-19 16:50:23 - BEST MATCH: dog8 (4.28% likely) 

2018-02-19 16:50:23 - BEST MATCH: rabbit (2.11% likely) 

2018-02-19 16:50:23 - BEST MATCH: pig (1.93% likely) 

2018-02-19 16:50:23 - BEST MATCH: dog3 (1.89% likely) 

2018-02-19 16:50:23 - 

